[22:51:04] [main/INFO]: Loading Minecraft 1.21.5 with Fabric Loader 0.16.14
[22:51:05] [main/INFO]: Loading 4 mods:
	- fabricloader 0.16.14
	   \-- mixinextras 0.4.1
	- java 21
	- minecraft 1.21.5
[22:51:05] [main/INFO]: SpongePowered MIXIN Subsystem Version=0.8.7 Source=file:/workspaces/improved-octo-sniffle/servidor_minecraft/libraries/net/fabricmc/sponge-mixin/0.15.5+mixin.0.8.7/sponge-mixin-0.15.5+mixin.0.8.7.jar Service=Knot/Fabric Env=SERVER
[22:51:11] [main/INFO]: Environment: Environment[sessionHost=https://sessionserver.mojang.com, servicesHost=https://api.minecraftservices.com, name=PROD]
[22:51:12] [main/INFO]: No existing world data, creating new world
[22:51:13] [main/INFO]: Loaded 1373 recipes
[22:51:13] [main/INFO]: Loaded 1484 advancements
[22:51:13] [Server thread/INFO]: Starting minecraft server version 1.21.5
[22:51:13] [Server thread/INFO]: Loading properties
[22:51:13] [Server thread/INFO]: Default game type: SURVIVAL
[22:51:13] [Server thread/INFO]: Generating keypair
[22:51:13] [Server thread/INFO]: Starting Minecraft server on *:25565
[22:51:13] [Server thread/INFO]: Using epoll channel type
[22:51:13] [Server thread/WARN]: **** SERVER IS RUNNING IN OFFLINE/INSECURE MODE!
[22:51:13] [Server thread/WARN]: The server will make no attempt to authenticate usernames. Beware.
[22:51:13] [Server thread/WARN]: While this makes the game possible to play without internet access, it also opens up the ability for hackers to connect with any username they choose.
[22:51:13] [Server thread/WARN]: To change this, set "online-mode" to "true" in the server.properties file.
[22:51:13] [Server thread/INFO]: Preparing level "world"
[22:51:19] [Server thread/INFO]: Preparing start region for dimension minecraft:overworld
[22:51:19] [Worker-Main-1/INFO]: Preparing spawn area: 2%
[22:51:19] [Worker-Main-2/INFO]: Preparing spawn area: 2%
[22:51:20] [Worker-Main-2/INFO]: Preparing spawn area: 2%
[22:51:20] [Worker-Main-3/INFO]: Preparing spawn area: 18%
[22:51:21] [Worker-Main-3/INFO]: Preparing spawn area: 18%
[22:51:21] [Worker-Main-1/INFO]: Preparing spawn area: 18%
[22:51:22] [Worker-Main-1/INFO]: Preparing spawn area: 20%
[22:51:22] [Worker-Main-3/INFO]: Preparing spawn area: 51%
[22:51:23] [Worker-Main-1/INFO]: Preparing spawn area: 51%
[22:51:23] [Worker-Main-1/INFO]: Preparing spawn area: 51%
[22:51:23] [Server thread/INFO]: Time elapsed: 4799 ms
[22:51:23] [Server thread/INFO]: Done (10.051s)! For help, type "help"
[22:52:23] [Server thread/INFO]: Server empty for 60 seconds, pausing
[22:54:47] [Server thread/INFO]: Stopping the server
[22:54:47] [Server thread/INFO]: Stopping server
[22:54:47] [Server thread/INFO]: Saving players
[22:54:47] [Server thread/INFO]: Saving worlds
[22:54:48] [Server thread/INFO]: Saving chunks for level 'ServerLevel[world]'/minecraft:overworld
[22:54:49] [Server thread/INFO]: Saving chunks for level 'ServerLevel[world]'/minecraft:the_end
[22:54:49] [Server thread/INFO]: Saving chunks for level 'ServerLevel[world]'/minecraft:the_nether
[22:54:49] [Server thread/INFO]: ThreadedAnvilChunkStorage (world): All chunks are saved
[22:54:49] [Server thread/INFO]: ThreadedAnvilChunkStorage (DIM1): All chunks are saved
[22:54:49] [Server thread/INFO]: ThreadedAnvilChunkStorage (DIM-1): All chunks are saved
[22:54:49] [Server thread/INFO]: ThreadedAnvilChunkStorage: All dimensions are saved
