[00:55:33] [main/INFO] ========================================
[00:55:33] [main/INFO] Minecraft: 1.21.5
[00:55:33] [main/INFO] Side: server
[00:55:33] [main/INFO] Development: false
[00:55:33] [main/INFO] Version: 19.0.806
[00:55:33] [main/INFO] Loader:
[00:55:33] [main/INFO] - Fabric: 0.16.14
[00:55:33] [main/INFO] - Fabric API: 0.127.1+1.21.5
[00:55:33] [main/INFO] Dependencies:
[00:55:33] [main/INFO] - Cloth Config: 18.0.145
[00:55:33] [main/INFO] - Architectury: 16.1.4
[00:55:33] [main/INFO] Mixin: 0.8.7
[00:55:33] [main/INFO] OS: Linux 6.8.0-1027-azure (amd64)
[00:55:33] [main/INFO] Java: 21.0.7 (Ubuntu)
[00:55:33] [main/INFO] ========================================
[00:55:33] [main/INFO] Mods:
[00:55:33] [main/INFO] - advancednetherite: 2.3.0-1.21.5
[00:55:33] [main/INFO] - ar_com_hjg_pngj: 2.1.0
[00:55:33] [main/INFO] - architectury: 16.1.4
[00:55:33] [main/INFO] - balm: 21.5.17
[00:55:33] [main/INFO] - bettervillage: 3.3.0
[00:55:33] [main/INFO] - biomesoplenty: 21.4.0.61
[00:55:33] [main/INFO] - c2me: 0.3.3.0.0+1.21.5
[00:55:33] [main/INFO] - c2me-base: 0.3.3.0.0+1.21.5
[00:55:33] [main/INFO] - c2me-fixes-chunkio-threading-issues: 0.3.3.0.0+1.21.5
[00:55:33] [main/INFO] - c2me-fixes-general-threading-issues: 0.3.3.0.0+1.21.5
[00:55:33] [main/INFO] - c2me-fixes-worldgen-threading-issues: 0.3.3.0.0+1.21.5
[00:55:33] [main/INFO] - c2me-fixes-worldgen-vanilla-bugs: 0.3.3.0.0+1.21.5
[00:55:33] [main/INFO] - c2me-notickvd: 0.3.3.0.0+1.21.5
[00:55:33] [main/INFO] - c2me-opts-allocs: 0.3.3.0.0+1.21.5
[00:55:33] [main/INFO] - c2me-opts-chunkio: 0.3.3.0.0+1.21.5
[00:55:33] [main/INFO] - c2me-opts-dfc: 0.3.3.0.0+1.21.5
[00:55:33] [main/INFO] - c2me-opts-math: 0.3.3.0.0+1.21.5
[00:55:33] [main/INFO] - c2me-opts-scheduling: 0.3.3.0.0+1.21.5
[00:55:33] [main/INFO] - c2me-opts-worldgen-general: 0.3.3.0.0+1.21.5
[00:55:33] [main/INFO] - c2me-opts-worldgen-vanilla: 0.3.3.0.0+1.21.5
[00:55:33] [main/INFO] - c2me-rewrites-chunk-serializer: 0.3.3.0.0+1.21.5
[00:55:33] [main/INFO] - c2me-rewrites-chunk-system: 0.3.3.0.0+1.21.5
[00:55:33] [main/INFO] - c2me-rewrites-chunkio: 0.3.3.0.0+1.21.5
[00:55:33] [main/INFO] - c2me-server-utils: 0.3.3.0.0+1.21.5
[00:55:33] [main/INFO] - c2me-threading-lighting: 0.3.3.0.0+1.21.5
[00:55:33] [main/INFO] - cloth-basic-math: 0.6.1
[00:55:33] [main/INFO] - cloth-config: 18.0.145
[00:55:33] [main/INFO] - cloth-config: 18.0.145
[00:55:33] [main/INFO] - collective: 8.3
[00:55:33] [main/INFO] - com_electronwill_night-config_core: 3.6.7
[00:55:33] [main/INFO] - com_electronwill_night-config_toml: 3.6.7
[00:55:33] [main/INFO] - com_ibm_async_asyncutil: 0.1.0
[00:55:33] [main/INFO] - common-protection-api: 1.0.0
[00:55:33] [main/INFO] - commonnetworking: 1.0.18-1.21.5
[00:55:33] [main/INFO] - distanthorizons: 2.3.2-b
[00:55:33] [main/INFO] - error_notifier: 1.0.11
[00:55:33] [main/INFO] - fabric-api: 0.127.1+1.21.5
[00:55:33] [main/INFO] - fabric-api: 0.127.1+1.21.5
[00:55:33] [main/INFO] - fabric-api-base: 0.4.62+73a52b4b07
[00:55:33] [main/INFO] - fabric-api-lookup-api-v1: 1.6.96+86c3a9f149
[00:55:33] [main/INFO] - fabric-biome-api-v1: 16.0.7+2dd063df49
[00:55:33] [main/INFO] - fabric-block-api-v1: 1.1.0+ed91556f49
[00:55:33] [main/INFO] - fabric-block-view-api-v2: 1.0.26+aa6d566c49
[00:55:33] [main/INFO] - fabric-command-api-v1: 1.2.70+f71b366f49
[00:55:33] [main/INFO] - fabric-command-api-v2: 2.2.49+73a52b4b07
[00:55:33] [main/INFO] - fabric-commands-v0: 0.2.87+df3654b349
[00:55:33] [main/INFO] - fabric-content-registries-v0: 10.0.14+3e6c1f7d49
[00:55:33] [main/INFO] - fabric-convention-tags-v1: 2.1.33+7f945d5b49
[00:55:33] [main/INFO] - fabric-convention-tags-v2: 2.15.2+6d9989f349
[00:55:33] [main/INFO] - fabric-crash-report-info-v1: 0.3.12+86c3a9f149
[00:55:33] [main/INFO] - fabric-data-attachment-api-v1: 1.8.5+6d9989f349
[00:55:33] [main/INFO] - fabric-data-generation-api-v1: 22.5.1+790a8b4449
[00:55:33] [main/INFO] - fabric-dimensions-v1: 4.0.17+3e6c1f7d49
[00:55:33] [main/INFO] - fabric-entity-events-v1: 2.1.0+3ce7866349
[00:55:33] [main/INFO] - fabric-events-interaction-v0: 4.0.15+64e3057949
[00:55:33] [main/INFO] - fabric-game-rule-api-v1: 1.0.70+c327076a49
[00:55:33] [main/INFO] - fabric-item-api-v1: 11.4.1+e46fd76a49
[00:55:33] [main/INFO] - fabric-item-group-api-v1: 4.2.9+3459fc6149
[00:55:33] [main/INFO] - fabric-lifecycle-events-v1: 2.6.0+230071a049
[00:55:33] [main/INFO] - fabric-loot-api-v2: 3.0.48+3f89f5a549
[00:55:33] [main/INFO] - fabric-loot-api-v3: 1.0.36+86c3a9f149
[00:55:33] [main/INFO] - fabric-message-api-v1: 6.1.0+fe971bba49
[00:55:33] [main/INFO] - fabric-networking-api-v1: 4.5.0+775be32c49
[00:55:33] [main/INFO] - fabric-object-builder-api-v1: 21.1.2+b8d6ba7049
[00:55:33] [main/INFO] - fabric-particles-v1: 4.1.2+112e550e49
[00:55:33] [main/INFO] - fabric-permissions-api-v0: 0.3.3
[00:55:33] [main/INFO] - fabric-recipe-api-v1: 8.1.8+3235ab3249
[00:55:33] [main/INFO] - fabric-registry-sync-v0: 6.1.22+cd64004349
[00:55:33] [main/INFO] - fabric-rendering-data-attachment-v1: 0.3.64+73761d2e49
[00:55:33] [main/INFO] - fabric-rendering-fluids-v1: 3.1.27+86c3a9f149
[00:55:33] [main/INFO] - fabric-resource-conditions-api-v1: 5.0.21+73a52b4b49
[00:55:33] [main/INFO] - fabric-resource-loader-v0: 3.1.7+847e5f5c49
[00:55:33] [main/INFO] - fabric-screen-handler-api-v1: 1.3.129+c327076a49
[00:55:33] [main/INFO] - fabric-tag-api-v1: 1.0.17+ecf51cdc49
[00:55:33] [main/INFO] - fabric-transfer-api-v1: 5.4.24+7b20cbb049
[00:55:33] [main/INFO] - fabric-transitive-access-wideners-v1: 6.3.17+f17a180c49
[00:55:33] [main/INFO] - fabricloader: 0.16.14
[00:55:33] [main/INFO] - factorytools: 0.6.1+1.21.5
[00:55:33] [main/INFO] - furnacerecycle: 2.6
[00:55:33] [main/INFO] - glitchcore: 2.5.0.1
[00:55:33] [main/INFO] - hopobettermineshaft: 1.3.1
[00:55:33] [main/INFO] - hopobetterunderwaterruins: 1.2.3
[00:55:33] [main/INFO] - io_netty_netty-codec-http: 4.1.82
[00:55:33] [main/INFO] - io_reactivex_rxjava3_rxjava: 3.1.8
[00:55:33] [main/INFO] - java: 21
[00:55:33] [main/INFO] - journeymap: 1.21.5-6.0.0-beta.50
[00:55:33] [main/INFO] - journeymap-api-fabric: 2.0.0-1.21.5-SNAPSHOT
[00:55:33] [main/INFO] - konkrete: 1.9.11
[00:55:33] [main/INFO] - kuma_api: 21.5.2
[00:55:33] [main/INFO] - libraryferret: 4.0.0
[00:55:33] [main/INFO] - lithium: 0.16.3+mc1.21.5
[00:55:33] [main/INFO] - lithostitched: 1.4.8
[00:55:33] [main/INFO] - map-canvas-api: 0.5.0+1.21.3
[00:55:33] [main/INFO] - measurements: 3.2.0
[00:55:33] [main/INFO] - medieval_buildings: 1.1.0
[00:55:33] [main/INFO] - medieval_nether: 1.0.0
[00:55:33] [main/INFO] - medievalend: 1.0.2
[00:55:33] [main/INFO] - mes: 1.4.3-1.21.5-fabric
[00:55:33] [main/INFO] - midnightlib: 1.7.3
[00:55:33] [main/INFO] - minecraft: 1.21.5
[00:55:33] [main/INFO] - mixinextras: 0.4.1
[00:55:33] [main/INFO] - mixinsquared: 0.2.0-beta.6
[00:55:33] [main/INFO] - mns: 1.1.3-1.21.5-fabric
[00:55:33] [main/INFO] - mr_enchantments_encore: 2.9
[00:55:33] [main/INFO] - mvs: 4.4.5-1.21.5-fabric
[00:55:33] [main/INFO] - net_jodah_typetools: 0.6.3
[00:55:33] [main/INFO] - net_objecthunter_exp4j: 0.4.8
[00:55:33] [main/INFO] - org_jctools_jctools-core: 4.0.5
[00:55:33] [main/INFO] - org_reactivestreams_reactive-streams: 1.0.4
[00:55:33] [main/INFO] - packet_tweaker: 0.6.0-pre.1+1.21.2-pre3
[00:55:33] [main/INFO] - placeholder-api: 2.6.1+1.21.5
[00:55:33] [main/INFO] - polydecorations: 0.7.4+1.21.5
[00:55:33] [main/INFO] - polymer-autohost: 0.12.3+1.21.5
[00:55:33] [main/INFO] - polymer-blocks: 0.12.3+1.21.5
[00:55:33] [main/INFO] - polymer-common: 0.12.3+1.21.5
[00:55:33] [main/INFO] - polymer-core: 0.12.3+1.21.5
[00:55:33] [main/INFO] - polymer-networking: 0.12.3+1.21.5
[00:55:33] [main/INFO] - polymer-registry-sync-manipulator: 0.12.3+1.21.5
[00:55:33] [main/INFO] - polymer-resource-pack: 0.12.3+1.21.5
[00:55:33] [main/INFO] - polymer-resource-pack-extras: 0.12.3+1.21.5
[00:55:33] [main/INFO] - polymer-virtual-entity: 0.12.1+1.21.5-rc2
[00:55:33] [main/INFO] - predicate-api: 0.6.0+1.21.2
[00:55:33] [main/INFO] - repurposed_structures: 7.5.17+1.21.5-fabric
[00:55:33] [main/INFO] - roughlyenoughitems: 19.0.806
[00:55:33] [main/INFO] - server_translations_api: 2.5.0+1.21.5-rc1
[00:55:33] [main/INFO] - sgui: 1.9.0+1.21.5
[00:55:33] [main/INFO] - tectonic: 3.0.1
[00:55:33] [main/INFO] - televator: 1.2.4
[00:55:33] [main/INFO] - terrablender: 5.0.0.1
[00:55:33] [main/INFO] - terralith: 2.5.9
[00:55:33] [main/INFO] - trade_cycling: 1.21.5-1.0.18
[00:55:33] [main/INFO] - treeharvester: 9.1
[00:55:33] [main/INFO] - universal-graves: 3.7.1+1.21.5
[00:55:33] [main/INFO] - waystones: 21.5.7
[00:55:33] [main/INFO] ========================================
[00:55:33] [main/INFO] [REI] Registered plugin provider DefaultPlugin [roughlyenoughitems] for REICommonPlugin
[00:55:33] [main/INFO] [REI] Registered plugin provider DefaultRuntimePlugin [roughlyenoughitems] for REICommonPlugin
[00:55:33] [main/INFO] [REI] Registered plugin provider FabricFluidAPISupportPlugin for REICommonPlugin
[00:55:34] [main/DEBUG] [REI] Processed 5 tags in 526.1 μs for minecraft:game_event
[00:55:34] [main/DEBUG] [REI] Processed 396 tags in 4.154 ms for minecraft:block
[00:55:34] [main/DEBUG] [REI] Processed 3 tags in 79.06 μs for minecraft:point_of_interest_type
[00:55:34] [main/DEBUG] [REI] Processed 50 tags in 261.7 μs for minecraft:entity_type
[00:55:34] [main/DEBUG] [REI] Processed 7 tags in 27.67 μs for minecraft:fluid
[00:55:34] [main/DEBUG] [REI] Processed 631 tags in 3.145 ms for minecraft:item
[00:56:08] [Server thread/DEBUG] [REI] Starting Reload Plugins of stage null
java.lang.Throwable
	at knot//me.shedaniel.rei.impl.common.plugins.ReloadManagerImpl.reloadPlugins(ReloadManagerImpl.java:110)
	at knot//me.shedaniel.rei.RoughlyEnoughItemsCore.lambda$onInitialize$5(RoughlyEnoughItemsCore.java:157)
	at knot//dev.architectury.event.fabric.EventHandlerImpl.lambda$registerCommon$10(EventHandlerImpl.java:67)
	at knot//net.fabricmc.fabric.api.event.lifecycle.v1.ServerLifecycleEvents.lambda$static$2(ServerLifecycleEvents.java:49)
	at knot//net.minecraft.server.MinecraftServer.handler$baj000$fabric-lifecycle-events-v1$afterSetupServer(MinecraftServer.java:3697)
	at knot//net.minecraft.server.MinecraftServer.method_29741(MinecraftServer.java:675)
	at knot//net.minecraft.server.MinecraftServer.method_29739(MinecraftServer.java:290)
	at java.base/java.lang.Thread.run(Thread.java:1583)
[00:56:08] [Server thread/DEBUG] [REI] ========================================
[00:56:08] [Server thread/DEBUG] [REI] REICommonPlugin starting pre-reload for START.
[00:56:08] [Server thread/DEBUG] [REI] Reloadables (8):
[00:56:08] [Server thread/DEBUG] [REI]  - SlotAccessorRegistryImpl
[00:56:08] [Server thread/DEBUG] [REI]  - EntryTypeRegistryImpl
[00:56:08] [Server thread/DEBUG] [REI]  - EntrySettingsAdapterRegistryImpl
[00:56:08] [Server thread/DEBUG] [REI]  - ItemComparatorRegistryImpl
[00:56:08] [Server thread/DEBUG] [REI]  - FluidComparatorRegistryImpl
[00:56:08] [Server thread/DEBUG] [REI]  - DisplaySerializerRegistryImpl
[00:56:08] [Server thread/DEBUG] [REI]  - ServerDisplayRegistryImpl
[00:56:08] [Server thread/DEBUG] [REI]  - FluidSupportProviderImpl
[00:56:08] [Server thread/DEBUG] [REI] Plugins (3):
[00:56:08] [Server thread/DEBUG] [REI]  - (-100.00) DefaultPlugin of DefaultPlugin [roughlyenoughitems]
[00:56:08] [Server thread/DEBUG] [REI]  - (0.00) FabricFluidAPISupportPlugin
[00:56:08] [Server thread/DEBUG] [REI]  - (0.00) DefaultRuntimePlugin of DefaultRuntimePlugin [roughlyenoughitems]
[00:56:08] [Server thread/DEBUG] [REI] ========================================
[00:56:08] [Server thread/TRACE] [REI] [REICommonPlugin START] Reloading Section: "pre-register/"
[00:56:08] [Server thread/TRACE] [REI] [REICommonPlugin START] Reloading Section: "pre-register/DefaultPlugin of DefaultPlugin [roughlyenoughitems]/"
[00:56:08] [Server thread/TRACE] [REI] [REICommonPlugin START] Reloading Section: "pre-register/DefaultPlugin of DefaultPlugin [roughlyenoughitems]/" done in 883.8 μs
[00:56:08] [Server thread/TRACE] [REI] [REICommonPlugin START] Reloading Section: "pre-register/FabricFluidAPISupportPlugin/"
[00:56:08] [Server thread/TRACE] [REI] [REICommonPlugin START] Reloading Section: "pre-register/FabricFluidAPISupportPlugin/" done in 64.26 μs
[00:56:08] [Server thread/TRACE] [REI] [REICommonPlugin START] Reloading Section: "pre-register/DefaultRuntimePlugin of DefaultRuntimePlugin [roughlyenoughitems]/"
[00:56:08] [Server thread/TRACE] [REI] [REICommonPlugin START] Reloading Section: "pre-register/DefaultRuntimePlugin of DefaultRuntimePlugin [roughlyenoughitems]/" done in 72.54 μs
[00:56:08] [Server thread/TRACE] [REI] [REICommonPlugin START] Reloading Section: "pre-register/" done in 14.20 ms
[00:56:08] [Server thread/TRACE] [REI] [REICommonPlugin START] Reloading Section: "pre-stage/"
[00:56:08] [Server thread/TRACE] [REI] [REICommonPlugin START] Reloading Section: "pre-stage/SlotAccessorRegistryImpl/"
[00:56:08] [Server thread/TRACE] [REI] [REICommonPlugin START] Reloading Section: "pre-stage/SlotAccessorRegistryImpl/" done in 197.6 μs
[00:56:08] [Server thread/TRACE] [REI] [REICommonPlugin START] Reloading Section: "pre-stage/EntryTypeRegistryImpl/"
[00:56:08] [Server thread/TRACE] [REI] [REICommonPlugin START] Reloading Section: "pre-stage/EntryTypeRegistryImpl/" done in 53.65 μs
[00:56:08] [Server thread/TRACE] [REI] [REICommonPlugin START] Reloading Section: "pre-stage/EntrySettingsAdapterRegistryImpl/"
[00:56:08] [Server thread/TRACE] [REI] [REICommonPlugin START] Reloading Section: "pre-stage/EntrySettingsAdapterRegistryImpl/" done in 1.141 ms
[00:56:08] [Server thread/TRACE] [REI] [REICommonPlugin START] Reloading Section: "pre-stage/ItemComparatorRegistryImpl/"
[00:56:08] [Server thread/TRACE] [REI] [REICommonPlugin START] Reloading Section: "pre-stage/ItemComparatorRegistryImpl/" done in 62.81 μs
[00:56:08] [Server thread/TRACE] [REI] [REICommonPlugin START] Reloading Section: "pre-stage/FluidComparatorRegistryImpl/"
[00:56:08] [Server thread/TRACE] [REI] [REICommonPlugin START] Reloading Section: "pre-stage/FluidComparatorRegistryImpl/" done in 51.65 μs
[00:56:08] [Server thread/TRACE] [REI] [REICommonPlugin START] Reloading Section: "pre-stage/DisplaySerializerRegistryImpl/"
[00:56:08] [Server thread/TRACE] [REI] [REICommonPlugin START] Reloading Section: "pre-stage/DisplaySerializerRegistryImpl/" done in 48.44 μs
[00:56:08] [Server thread/TRACE] [REI] [REICommonPlugin START] Reloading Section: "pre-stage/ServerDisplayRegistryImpl/"
[00:56:08] [Server thread/TRACE] [REI] [REICommonPlugin START] Reloading Section: "pre-stage/ServerDisplayRegistryImpl/" done in 48.29 μs
[00:56:08] [Server thread/TRACE] [REI] [REICommonPlugin START] Reloading Section: "pre-stage/FluidSupportProviderImpl/"
[00:56:08] [Server thread/TRACE] [REI] [REICommonPlugin START] Reloading Section: "pre-stage/FluidSupportProviderImpl/" done in 47.30 μs
[00:56:08] [Server thread/TRACE] [REI] [REICommonPlugin START] Reloading Section: "pre-stage/" done in 2.610 ms
[00:56:08] [Server thread/DEBUG] [REI] ========================================
[00:56:08] [Server thread/DEBUG] [REI] REICommonPlugin finished pre-reload for START in 20.29 ms.
[00:56:08] [Server thread/DEBUG] [REI] ========================================
[00:56:08] [Server thread/INFO] [REI] %%%%%%%%%%%%%%%%%%%%%%%%%%%%%%%%%%%%%%%%
[00:56:08] [Server thread/INFO] [REI] REICommonPlugin starting main-reload for START.
[00:56:08] [Server thread/DEBUG] [REI] Reloadables (8):
[00:56:08] [Server thread/DEBUG] [REI]  - SlotAccessorRegistryImpl
[00:56:08] [Server thread/DEBUG] [REI]  - EntryTypeRegistryImpl
[00:56:08] [Server thread/DEBUG] [REI]  - EntrySettingsAdapterRegistryImpl
[00:56:08] [Server thread/DEBUG] [REI]  - ItemComparatorRegistryImpl
[00:56:08] [Server thread/DEBUG] [REI]  - FluidComparatorRegistryImpl
[00:56:08] [Server thread/DEBUG] [REI]  - DisplaySerializerRegistryImpl
[00:56:08] [Server thread/DEBUG] [REI]  - ServerDisplayRegistryImpl
[00:56:08] [Server thread/DEBUG] [REI]  - FluidSupportProviderImpl
[00:56:08] [Server thread/INFO] [REI] Plugins (3):
[00:56:08] [Server thread/INFO] [REI]  - (-100.00) DefaultPlugin of DefaultPlugin [roughlyenoughitems]
[00:56:08] [Server thread/INFO] [REI]  - (0.00) FabricFluidAPISupportPlugin
[00:56:08] [Server thread/INFO] [REI]  - (0.00) DefaultRuntimePlugin of DefaultRuntimePlugin [roughlyenoughitems]
[00:56:08] [Server thread/INFO] [REI] %%%%%%%%%%%%%%%%%%%%%%%%%%%%%%%%%%%%%%%%
[00:56:08] [Server thread/TRACE] [REI] [REICommonPlugin START] Reloading Section: "start-reload/"
[00:56:08] [Server thread/TRACE] [REI] [REICommonPlugin START] Reloading Section: "start-reload/SlotAccessorRegistryImpl/"
[00:56:08] [Server thread/TRACE] [REI] [REICommonPlugin START] Reloading Section: "start-reload/SlotAccessorRegistryImpl/" done in 549.0 μs
[00:56:08] [Server thread/TRACE] [REI] [REICommonPlugin START] Reloading Section: "start-reload/EntryTypeRegistryImpl/"
[00:56:08] [Server thread/TRACE] [REI] [REICommonPlugin START] Reloading Section: "start-reload/EntryTypeRegistryImpl/" done in 84.74 μs
[00:56:08] [Server thread/TRACE] [REI] [REICommonPlugin START] Reloading Section: "start-reload/EntrySettingsAdapterRegistryImpl/"
[00:56:08] [Server thread/TRACE] [REI] [REICommonPlugin START] Reloading Section: "start-reload/EntrySettingsAdapterRegistryImpl/" done in 54.50 μs
[00:56:08] [Server thread/TRACE] [REI] [REICommonPlugin START] Reloading Section: "start-reload/ItemComparatorRegistryImpl/"
[00:56:08] [Server thread/TRACE] [REI] [REICommonPlugin START] Reloading Section: "start-reload/ItemComparatorRegistryImpl/" done in 90.30 μs
[00:56:08] [Server thread/TRACE] [REI] [REICommonPlugin START] Reloading Section: "start-reload/FluidComparatorRegistryImpl/"
[00:56:08] [Server thread/TRACE] [REI] [REICommonPlugin START] Reloading Section: "start-reload/FluidComparatorRegistryImpl/" done in 2.754 ms
[00:56:08] [Server thread/TRACE] [REI] [REICommonPlugin START] Reloading Section: "start-reload/DisplaySerializerRegistryImpl/"
[00:56:08] [Server thread/TRACE] [REI] [REICommonPlugin START] Reloading Section: "start-reload/DisplaySerializerRegistryImpl/" done in 77.34 μs
[00:56:08] [Server thread/TRACE] [REI] [REICommonPlugin START] Reloading Section: "start-reload/ServerDisplayRegistryImpl/"
[00:56:08] [Server thread/TRACE] [REI] [REICommonPlugin START] Reloading Section: "start-reload/ServerDisplayRegistryImpl/" done in 68.19 μs
[00:56:08] [Server thread/TRACE] [REI] [REICommonPlugin START] Reloading Section: "start-reload/FluidSupportProviderImpl/"
[00:56:08] [Server thread/TRACE] [REI] [REICommonPlugin START] Reloading Section: "start-reload/FluidSupportProviderImpl/" done in 66.67 μs
[00:56:08] [Server thread/TRACE] [REI] [REICommonPlugin START] Reloading Section: "start-reload/" done in 5.601 ms
[00:56:08] [Server thread/DEBUG] [REI] ========================================
[00:56:08] [Server thread/DEBUG] [REI] REICommonPlugin started main-reload for START.
[00:56:08] [Server thread/DEBUG] [REI] ========================================
[00:56:08] [Server thread/TRACE] [REI] [REICommonPlugin START] Reloading Section: "reloadable-plugin/SlotAccessorRegistryImpl/"
[00:56:08] [Server thread/TRACE] [REI] [REICommonPlugin START] Reloading Section: "reloadable-plugin/SlotAccessorRegistryImpl/DefaultPlugin of DefaultPlugin [roughlyenoughitems]/"
[00:56:08] [Server thread/TRACE] [REI] [REICommonPlugin START] Reloading Section: "reloadable-plugin/SlotAccessorRegistryImpl/DefaultPlugin of DefaultPlugin [roughlyenoughitems]/" done in 337.5 μs
[00:56:08] [Server thread/TRACE] [REI] [REICommonPlugin START] Reloading Section: "reloadable-plugin/SlotAccessorRegistryImpl/FabricFluidAPISupportPlugin/"
[00:56:08] [Server thread/TRACE] [REI] [REICommonPlugin START] Reloading Section: "reloadable-plugin/SlotAccessorRegistryImpl/FabricFluidAPISupportPlugin/" done in 165.5 μs
[00:56:08] [Server thread/TRACE] [REI] [REICommonPlugin START] Reloading Section: "reloadable-plugin/SlotAccessorRegistryImpl/DefaultRuntimePlugin of DefaultRuntimePlugin [roughlyenoughitems]/"
[00:56:08] [Server thread/TRACE] [REI] [REICommonPlugin START] Reloading Section: "reloadable-plugin/SlotAccessorRegistryImpl/DefaultRuntimePlugin of DefaultRuntimePlugin [roughlyenoughitems]/" done in 146.6 μs
[00:56:08] [Server thread/TRACE] [REI] [REICommonPlugin START] Reloading Section: "reloadable-plugin/SlotAccessorRegistryImpl/" done in 1.761 ms
[00:56:08] [Server thread/TRACE] [REI] [REICommonPlugin START] Reloading Section: "reloadable-plugin/EntryTypeRegistryImpl/"
[00:56:08] [Server thread/TRACE] [REI] [REICommonPlugin START] Reloading Section: "reloadable-plugin/EntryTypeRegistryImpl/DefaultPlugin of DefaultPlugin [roughlyenoughitems]/"
[00:56:08] [Server thread/TRACE] [REI] [REICommonPlugin START] Reloading Section: "reloadable-plugin/EntryTypeRegistryImpl/DefaultPlugin of DefaultPlugin [roughlyenoughitems]/" done in 176.8 μs
[00:56:08] [Server thread/TRACE] [REI] [REICommonPlugin START] Reloading Section: "reloadable-plugin/EntryTypeRegistryImpl/FabricFluidAPISupportPlugin/"
[00:56:08] [Server thread/TRACE] [REI] [REICommonPlugin START] Reloading Section: "reloadable-plugin/EntryTypeRegistryImpl/FabricFluidAPISupportPlugin/" done in 165.5 μs
[00:56:08] [Server thread/TRACE] [REI] [REICommonPlugin START] Reloading Section: "reloadable-plugin/EntryTypeRegistryImpl/DefaultRuntimePlugin of DefaultRuntimePlugin [roughlyenoughitems]/"
[00:56:08] [Server thread/TRACE] [REI] [REICommonPlugin START] Reloading Section: "reloadable-plugin/EntryTypeRegistryImpl/DefaultRuntimePlugin of DefaultRuntimePlugin [roughlyenoughitems]/" done in 4.470 ms
[00:56:08] [Server thread/TRACE] [REI] [REICommonPlugin START] Reloading Section: "reloadable-plugin/EntryTypeRegistryImpl/" done in 5.660 ms
[00:56:08] [Server thread/TRACE] [REI] [REICommonPlugin START] Reloading Section: "reloadable-plugin/EntrySettingsAdapterRegistryImpl/"
[00:56:08] [Server thread/TRACE] [REI] [REICommonPlugin START] Reloading Section: "reloadable-plugin/EntrySettingsAdapterRegistryImpl/DefaultPlugin of DefaultPlugin [roughlyenoughitems]/"
[00:56:08] [Server thread/TRACE] [REI] [REICommonPlugin START] Reloading Section: "reloadable-plugin/EntrySettingsAdapterRegistryImpl/DefaultPlugin of DefaultPlugin [roughlyenoughitems]/" done in 133.2 μs
[00:56:08] [Server thread/TRACE] [REI] [REICommonPlugin START] Reloading Section: "reloadable-plugin/EntrySettingsAdapterRegistryImpl/FabricFluidAPISupportPlugin/"
[00:56:08] [Server thread/TRACE] [REI] [REICommonPlugin START] Reloading Section: "reloadable-plugin/EntrySettingsAdapterRegistryImpl/FabricFluidAPISupportPlugin/" done in 130.2 μs
[00:56:08] [Server thread/TRACE] [REI] [REICommonPlugin START] Reloading Section: "reloadable-plugin/EntrySettingsAdapterRegistryImpl/DefaultRuntimePlugin of DefaultRuntimePlugin [roughlyenoughitems]/"
[00:56:08] [Server thread/TRACE] [REI] [REICommonPlugin START] Reloading Section: "reloadable-plugin/EntrySettingsAdapterRegistryImpl/DefaultRuntimePlugin of DefaultRuntimePlugin [roughlyenoughitems]/" done in 117.2 μs
[00:56:08] [Server thread/TRACE] [REI] [REICommonPlugin START] Reloading Section: "reloadable-plugin/EntrySettingsAdapterRegistryImpl/" done in 1.100 ms
[00:56:08] [Server thread/TRACE] [REI] [REICommonPlugin START] Reloading Section: "reloadable-plugin/ItemComparatorRegistryImpl/"
[00:56:08] [Server thread/TRACE] [REI] [REICommonPlugin START] Reloading Section: "reloadable-plugin/ItemComparatorRegistryImpl/DefaultPlugin of DefaultPlugin [roughlyenoughitems]/"
[00:56:08] [Server thread/TRACE] [REI] [REICommonPlugin START] Reloading Section: "reloadable-plugin/ItemComparatorRegistryImpl/DefaultPlugin of DefaultPlugin [roughlyenoughitems]/" done in 712.4 μs
[00:56:08] [Server thread/TRACE] [REI] [REICommonPlugin START] Reloading Section: "reloadable-plugin/ItemComparatorRegistryImpl/FabricFluidAPISupportPlugin/"
[00:56:08] [Server thread/TRACE] [REI] [REICommonPlugin START] Reloading Section: "reloadable-plugin/ItemComparatorRegistryImpl/FabricFluidAPISupportPlugin/" done in 150.3 μs
[00:56:08] [Server thread/TRACE] [REI] [REICommonPlugin START] Reloading Section: "reloadable-plugin/ItemComparatorRegistryImpl/DefaultRuntimePlugin of DefaultRuntimePlugin [roughlyenoughitems]/"
[00:56:08] [Server thread/TRACE] [REI] [REICommonPlugin START] Reloading Section: "reloadable-plugin/ItemComparatorRegistryImpl/DefaultRuntimePlugin of DefaultRuntimePlugin [roughlyenoughitems]/" done in 120.9 μs
[00:56:08] [Server thread/TRACE] [REI] [REICommonPlugin START] Reloading Section: "reloadable-plugin/ItemComparatorRegistryImpl/" done in 1.613 ms
[00:56:08] [Server thread/TRACE] [REI] [REICommonPlugin START] Reloading Section: "reloadable-plugin/FluidComparatorRegistryImpl/"
[00:56:08] [Server thread/TRACE] [REI] [REICommonPlugin START] Reloading Section: "reloadable-plugin/FluidComparatorRegistryImpl/DefaultPlugin of DefaultPlugin [roughlyenoughitems]/"
[00:56:08] [Server thread/TRACE] [REI] [REICommonPlugin START] Reloading Section: "reloadable-plugin/FluidComparatorRegistryImpl/DefaultPlugin of DefaultPlugin [roughlyenoughitems]/" done in 161.4 μs
[00:56:08] [Server thread/TRACE] [REI] [REICommonPlugin START] Reloading Section: "reloadable-plugin/FluidComparatorRegistryImpl/FabricFluidAPISupportPlugin/"
[00:56:08] [Server thread/TRACE] [REI] [REICommonPlugin START] Reloading Section: "reloadable-plugin/FluidComparatorRegistryImpl/FabricFluidAPISupportPlugin/" done in 151.0 μs
[00:56:08] [Server thread/TRACE] [REI] [REICommonPlugin START] Reloading Section: "reloadable-plugin/FluidComparatorRegistryImpl/DefaultRuntimePlugin of DefaultRuntimePlugin [roughlyenoughitems]/"
[00:56:08] [Server thread/TRACE] [REI] [REICommonPlugin START] Reloading Section: "reloadable-plugin/FluidComparatorRegistryImpl/DefaultRuntimePlugin of DefaultRuntimePlugin [roughlyenoughitems]/" done in 136.9 μs
[00:56:08] [Server thread/TRACE] [REI] [REICommonPlugin START] Reloading Section: "reloadable-plugin/FluidComparatorRegistryImpl/" done in 1.460 ms
[00:56:08] [Server thread/TRACE] [REI] [REICommonPlugin START] Reloading Section: "reloadable-plugin/DisplaySerializerRegistryImpl/"
[00:56:08] [Server thread/TRACE] [REI] [REICommonPlugin START] Reloading Section: "reloadable-plugin/DisplaySerializerRegistryImpl/DefaultPlugin of DefaultPlugin [roughlyenoughitems]/"
[00:56:08] [Server thread/DEBUG] [REI] Added display serializer [minecraft:client/crafting/shaped] me.shedaniel.rei.api.common.display.DisplaySerializer$1@621d050a
[00:56:08] [Server thread/DEBUG] [REI] Added display serializer [minecraft:client/crafting/shapeless] me.shedaniel.rei.api.common.display.DisplaySerializer$1@531a518f
[00:56:08] [Server thread/DEBUG] [REI] Added display serializer [minecraft:client/smelting] me.shedaniel.rei.api.common.display.DisplaySerializer$1@6c68802d
[00:56:08] [Server thread/DEBUG] [REI] Added display serializer [minecraft:client/smoking] me.shedaniel.rei.api.common.display.DisplaySerializer$1@ccf4e23
[00:56:08] [Server thread/DEBUG] [REI] Added display serializer [minecraft:client/blasting] me.shedaniel.rei.api.common.display.DisplaySerializer$1@402105c7
[00:56:08] [Server thread/DEBUG] [REI] Added display serializer [minecraft:default/crafting/shaped] me.shedaniel.rei.api.common.display.DisplaySerializer$1@20469bea
[00:56:08] [Server thread/DEBUG] [REI] Added display serializer [minecraft:default/crafting/shapeless] me.shedaniel.rei.api.common.display.DisplaySerializer$1@6e62ab7b
[00:56:08] [Server thread/DEBUG] [REI] Added display serializer [minecraft:default/crafting/custom] me.shedaniel.rei.api.common.display.DisplaySerializer$1@75ed0ec3
[00:56:08] [Server thread/DEBUG] [REI] Added display serializer [minecraft:default/crafting/custom_shaped] me.shedaniel.rei.api.common.display.DisplaySerializer$1@7d5db9b8
[00:56:08] [Server thread/DEBUG] [REI] Added display serializer [minecraft:default/crafting/custom_shapeless] me.shedaniel.rei.api.common.display.DisplaySerializer$1@4e5643d3
[00:56:08] [Server thread/DEBUG] [REI] Added display serializer [minecraft:extension/crafting/map_extending] me.shedaniel.rei.api.common.display.DisplaySerializer$1@1f2c214e
[00:56:08] [Server thread/DEBUG] [REI] Added display serializer [minecraft:default/smelting] me.shedaniel.rei.api.common.display.DisplaySerializer$1@5e0d91c3
[00:56:08] [Server thread/DEBUG] [REI] Added display serializer [minecraft:default/smoking] me.shedaniel.rei.api.common.display.DisplaySerializer$1@19f4bbb6
[00:56:08] [Server thread/DEBUG] [REI] Added display serializer [minecraft:default/blasting] me.shedaniel.rei.api.common.display.DisplaySerializer$1@384f6c64
[00:56:08] [Server thread/DEBUG] [REI] Added display serializer [minecraft:default/campfire] me.shedaniel.rei.api.common.display.DisplaySerializer$1@573530cc
[00:56:08] [Server thread/DEBUG] [REI] Added display serializer [minecraft:default/stone_cutting] me.shedaniel.rei.api.common.display.DisplaySerializer$1@75582401
[00:56:08] [Server thread/DEBUG] [REI] Added display serializer [minecraft:default/stripping] me.shedaniel.rei.api.common.display.DisplaySerializer$1@166de51d
[00:56:08] [Server thread/DEBUG] [REI] Added display serializer [minecraft:default/brewing] me.shedaniel.rei.api.common.display.DisplaySerializer$1@f6d5816
[00:56:08] [Server thread/DEBUG] [REI] Added display serializer [minecraft:default/composting] me.shedaniel.rei.api.common.display.DisplaySerializer$1@68139037
[00:56:08] [Server thread/DEBUG] [REI] Added display serializer [minecraft:default/fuel] me.shedaniel.rei.api.common.display.DisplaySerializer$1@652ea1ed
[00:56:08] [Server thread/DEBUG] [REI] Added display serializer [minecraft:default/smithing] me.shedaniel.rei.api.common.display.DisplaySerializer$1@6d6f6be6
[00:56:08] [Server thread/DEBUG] [REI] Added display serializer [minecraft:default/smithing/trimming] me.shedaniel.rei.api.common.display.DisplaySerializer$1@6dcd6d44
[00:56:08] [Server thread/DEBUG] [REI] Added display serializer [minecraft:default/anvil] me.shedaniel.rei.api.common.display.DisplaySerializer$1@5ef19b00
[00:56:08] [Server thread/DEBUG] [REI] Added display serializer [minecraft:default/beacon_base] me.shedaniel.rei.api.common.display.DisplaySerializer$1@58837d14
[00:56:08] [Server thread/DEBUG] [REI] Added display serializer [minecraft:default/beacon_payment] me.shedaniel.rei.api.common.display.DisplaySerializer$1@3277804e
[00:56:08] [Server thread/DEBUG] [REI] Added display serializer [minecraft:default/tilling] me.shedaniel.rei.api.common.display.DisplaySerializer$1@660b5491
[00:56:08] [Server thread/DEBUG] [REI] Added display serializer [minecraft:default/pathing] me.shedaniel.rei.api.common.display.DisplaySerializer$1@52bb8bab
[00:56:08] [Server thread/DEBUG] [REI] Added display serializer [minecraft:default/waxing] me.shedaniel.rei.api.common.display.DisplaySerializer$1@2708f5de
[00:56:08] [Server thread/DEBUG] [REI] Added display serializer [minecraft:default/waxing_scraping] me.shedaniel.rei.api.common.display.DisplaySerializer$1@621ce4ba
[00:56:08] [Server thread/DEBUG] [REI] Added display serializer [minecraft:default/oxidizing] me.shedaniel.rei.api.common.display.DisplaySerializer$1@3850b95e
[00:56:08] [Server thread/DEBUG] [REI] Added display serializer [minecraft:default/oxidizing_scraping] me.shedaniel.rei.api.common.display.DisplaySerializer$1@4d06d956
[00:56:08] [Server thread/DEBUG] [REI] Added display serializer [roughlyenoughitems:default/information] me.shedaniel.rei.api.common.display.DisplaySerializer$1@2f2d1e94
[00:56:08] [Server thread/TRACE] [REI] [REICommonPlugin START] Reloading Section: "reloadable-plugin/DisplaySerializerRegistryImpl/DefaultPlugin of DefaultPlugin [roughlyenoughitems]/" done in 79.96 ms
[00:56:08] [Server thread/TRACE] [REI] [REICommonPlugin START] Reloading Section: "reloadable-plugin/DisplaySerializerRegistryImpl/FabricFluidAPISupportPlugin/"
[00:56:08] [Server thread/TRACE] [REI] [REICommonPlugin START] Reloading Section: "reloadable-plugin/DisplaySerializerRegistryImpl/FabricFluidAPISupportPlugin/" done in 160.1 μs
[00:56:08] [Server thread/TRACE] [REI] [REICommonPlugin START] Reloading Section: "reloadable-plugin/DisplaySerializerRegistryImpl/DefaultRuntimePlugin of DefaultRuntimePlugin [roughlyenoughitems]/"
[00:56:08] [Server thread/TRACE] [REI] [REICommonPlugin START] Reloading Section: "reloadable-plugin/DisplaySerializerRegistryImpl/DefaultRuntimePlugin of DefaultRuntimePlugin [roughlyenoughitems]/" done in 149.3 μs
[00:56:08] [Server thread/TRACE] [REI] [REICommonPlugin START] Reloading Section: "reloadable-plugin/DisplaySerializerRegistryImpl/" done in 81.12 ms
[00:56:08] [Server thread/TRACE] [REI] [REICommonPlugin START] Reloading Section: "reloadable-plugin/ServerDisplayRegistryImpl/"
[00:56:08] [Server thread/TRACE] [REI] [REICommonPlugin START] Reloading Section: "reloadable-plugin/ServerDisplayRegistryImpl/DefaultPlugin of DefaultPlugin [roughlyenoughitems]/"
[00:56:08] [Server thread/TRACE] [REI] [REICommonPlugin START] Reloading Section: "reloadable-plugin/ServerDisplayRegistryImpl/DefaultPlugin of DefaultPlugin [roughlyenoughitems]/" done in 134.0 μs
[00:56:08] [Server thread/TRACE] [REI] [REICommonPlugin START] Reloading Section: "reloadable-plugin/ServerDisplayRegistryImpl/FabricFluidAPISupportPlugin/"
[00:56:08] [Server thread/TRACE] [REI] [REICommonPlugin START] Reloading Section: "reloadable-plugin/ServerDisplayRegistryImpl/FabricFluidAPISupportPlugin/" done in 136.8 μs
[00:56:08] [Server thread/TRACE] [REI] [REICommonPlugin START] Reloading Section: "reloadable-plugin/ServerDisplayRegistryImpl/DefaultRuntimePlugin of DefaultRuntimePlugin [roughlyenoughitems]/"
[00:56:08] [Server thread/TRACE] [REI] [REICommonPlugin START] Reloading Section: "reloadable-plugin/ServerDisplayRegistryImpl/DefaultRuntimePlugin of DefaultRuntimePlugin [roughlyenoughitems]/" done in 123.0 μs
[00:56:08] [Server thread/TRACE] [REI] [REICommonPlugin START] Reloading Section: "reloadable-plugin/ServerDisplayRegistryImpl/" done in 1.190 ms
[00:56:08] [Server thread/TRACE] [REI] [REICommonPlugin START] Reloading Section: "reloadable-plugin/FluidSupportProviderImpl/"
[00:56:08] [Server thread/TRACE] [REI] [REICommonPlugin START] Reloading Section: "reloadable-plugin/FluidSupportProviderImpl/DefaultPlugin of DefaultPlugin [roughlyenoughitems]/"
[00:56:08] [Server thread/TRACE] [REI] [REICommonPlugin START] Reloading Section: "reloadable-plugin/FluidSupportProviderImpl/DefaultPlugin of DefaultPlugin [roughlyenoughitems]/" done in 481.5 μs
[00:56:08] [Server thread/TRACE] [REI] [REICommonPlugin START] Reloading Section: "reloadable-plugin/FluidSupportProviderImpl/FabricFluidAPISupportPlugin/"
[00:56:08] [Server thread/TRACE] [REI] [REICommonPlugin START] Reloading Section: "reloadable-plugin/FluidSupportProviderImpl/FabricFluidAPISupportPlugin/" done in 274.6 μs
[00:56:08] [Server thread/TRACE] [REI] [REICommonPlugin START] Reloading Section: "reloadable-plugin/FluidSupportProviderImpl/DefaultRuntimePlugin of DefaultRuntimePlugin [roughlyenoughitems]/"
[00:56:08] [Server thread/TRACE] [REI] [REICommonPlugin START] Reloading Section: "reloadable-plugin/FluidSupportProviderImpl/DefaultRuntimePlugin of DefaultRuntimePlugin [roughlyenoughitems]/" done in 161.2 μs
[00:56:08] [Server thread/TRACE] [REI] [REICommonPlugin START] Reloading Section: "reloadable-plugin/FluidSupportProviderImpl/" done in 1.675 ms
[00:56:08] [Server thread/DEBUG] [REI] ========================================
[00:56:08] [Server thread/DEBUG] [REI] REICommonPlugin ending main-reload for START.
[00:56:08] [Server thread/DEBUG] [REI] ========================================
[00:56:08] [Server thread/TRACE] [REI] [REICommonPlugin START] Reloading Section: "end-reload/"
[00:56:08] [Server thread/TRACE] [REI] [REICommonPlugin START] Reloading Section: "end-reload/SlotAccessorRegistryImpl/"
[00:56:08] [Server thread/TRACE] [REI] [REICommonPlugin START] Reloading Section: "end-reload/SlotAccessorRegistryImpl/" done in 149.2 μs
[00:56:08] [Server thread/TRACE] [REI] [REICommonPlugin START] Reloading Section: "end-reload/EntryTypeRegistryImpl/"
[00:56:08] [Server thread/TRACE] [REI] [REICommonPlugin START] Reloading Section: "end-reload/EntryTypeRegistryImpl/" done in 124.1 μs
[00:56:08] [Server thread/TRACE] [REI] [REICommonPlugin START] Reloading Section: "end-reload/EntrySettingsAdapterRegistryImpl/"
[00:56:08] [Server thread/TRACE] [REI] [REICommonPlugin START] Reloading Section: "end-reload/EntrySettingsAdapterRegistryImpl/" done in 122.5 μs
[00:56:08] [Server thread/TRACE] [REI] [REICommonPlugin START] Reloading Section: "end-reload/ItemComparatorRegistryImpl/"
[00:56:08] [Server thread/TRACE] [REI] [REICommonPlugin START] Reloading Section: "end-reload/ItemComparatorRegistryImpl/" done in 113.2 μs
[00:56:08] [Server thread/TRACE] [REI] [REICommonPlugin START] Reloading Section: "end-reload/FluidComparatorRegistryImpl/"
[00:56:08] [Server thread/TRACE] [REI] [REICommonPlugin START] Reloading Section: "end-reload/FluidComparatorRegistryImpl/" done in 118.4 μs
[00:56:08] [Server thread/TRACE] [REI] [REICommonPlugin START] Reloading Section: "end-reload/DisplaySerializerRegistryImpl/"
[00:56:08] [Server thread/TRACE] [REI] [REICommonPlugin START] Reloading Section: "end-reload/DisplaySerializerRegistryImpl/" done in 127.3 μs
[00:56:08] [Server thread/TRACE] [REI] [REICommonPlugin START] Reloading Section: "end-reload/ServerDisplayRegistryImpl/"
[00:56:08] [Server thread/TRACE] [REI] [REICommonPlugin START] Reloading Section: "end-reload/ServerDisplayRegistryImpl/" done in 46.82 μs
[00:56:08] [Server thread/TRACE] [REI] [REICommonPlugin START] Reloading Section: "end-reload/FluidSupportProviderImpl/"
[00:56:08] [Server thread/TRACE] [REI] [REICommonPlugin START] Reloading Section: "end-reload/FluidSupportProviderImpl/" done in 102.3 μs
[00:56:08] [Server thread/TRACE] [REI] [REICommonPlugin START] Reloading Section: "end-reload/" done in 2.377 ms
[00:56:08] [Server thread/DEBUG] [REI] ========================================
[00:56:08] [Server thread/DEBUG] [REI] REICommonPlugin ended main-reload for START in 114.6 ms.
[00:56:08] [Server thread/DEBUG] [REI] ========================================
[00:56:08] [Server thread/DEBUG] [REI] ========================================
[00:56:08] [Server thread/DEBUG] [REI] REICommonPlugin starting post-reload for START.
[00:56:08] [Server thread/DEBUG] [REI] Reloadables (8):
[00:56:08] [Server thread/DEBUG] [REI]  - SlotAccessorRegistryImpl
[00:56:08] [Server thread/DEBUG] [REI]  - EntryTypeRegistryImpl
[00:56:08] [Server thread/DEBUG] [REI]  - EntrySettingsAdapterRegistryImpl
[00:56:08] [Server thread/DEBUG] [REI]  - ItemComparatorRegistryImpl
[00:56:08] [Server thread/DEBUG] [REI]  - FluidComparatorRegistryImpl
[00:56:08] [Server thread/DEBUG] [REI]  - DisplaySerializerRegistryImpl
[00:56:08] [Server thread/DEBUG] [REI]  - ServerDisplayRegistryImpl
[00:56:08] [Server thread/DEBUG] [REI]  - FluidSupportProviderImpl
[00:56:08] [Server thread/DEBUG] [REI] Plugins (3):
[00:56:08] [Server thread/DEBUG] [REI]  - (-100.00) DefaultPlugin of DefaultPlugin [roughlyenoughitems]
[00:56:08] [Server thread/DEBUG] [REI]  - (0.00) FabricFluidAPISupportPlugin
[00:56:08] [Server thread/DEBUG] [REI]  - (0.00) DefaultRuntimePlugin of DefaultRuntimePlugin [roughlyenoughitems]
[00:56:08] [Server thread/DEBUG] [REI] ========================================
[00:56:08] [Server thread/TRACE] [REI] [REICommonPlugin START] Reloading Section: "post-register/"
[00:56:08] [Server thread/TRACE] [REI] [REICommonPlugin START] Reloading Section: "post-register/DefaultPlugin of DefaultPlugin [roughlyenoughitems]/"
[00:56:08] [Server thread/TRACE] [REI] [REICommonPlugin START] Reloading Section: "post-register/DefaultPlugin of DefaultPlugin [roughlyenoughitems]/" done in 287.7 μs
[00:56:08] [Server thread/TRACE] [REI] [REICommonPlugin START] Reloading Section: "post-register/FabricFluidAPISupportPlugin/"
[00:56:08] [Server thread/TRACE] [REI] [REICommonPlugin START] Reloading Section: "post-register/FabricFluidAPISupportPlugin/" done in 139.6 μs
[00:56:08] [Server thread/TRACE] [REI] [REICommonPlugin START] Reloading Section: "post-register/DefaultRuntimePlugin of DefaultRuntimePlugin [roughlyenoughitems]/"
[00:56:08] [Server thread/TRACE] [REI] [REICommonPlugin START] Reloading Section: "post-register/DefaultRuntimePlugin of DefaultRuntimePlugin [roughlyenoughitems]/" done in 51.83 μs
[00:56:08] [Server thread/TRACE] [REI] [REICommonPlugin START] Reloading Section: "post-register/" done in 1.346 ms
[00:56:08] [Server thread/TRACE] [REI] [REICommonPlugin START] Reloading Section: "post-stage/"
[00:56:08] [Server thread/TRACE] [REI] [REICommonPlugin START] Reloading Section: "post-stage/SlotAccessorRegistryImpl/"
[00:56:08] [Server thread/TRACE] [REI] [REICommonPlugin START] Reloading Section: "post-stage/SlotAccessorRegistryImpl/" done in 167.1 μs
[00:56:08] [Server thread/TRACE] [REI] [REICommonPlugin START] Reloading Section: "post-stage/EntryTypeRegistryImpl/"
[00:56:08] [Server thread/TRACE] [REI] [REICommonPlugin START] Reloading Section: "post-stage/EntryTypeRegistryImpl/" done in 116.6 μs
[00:56:08] [Server thread/TRACE] [REI] [REICommonPlugin START] Reloading Section: "post-stage/EntrySettingsAdapterRegistryImpl/"
[00:56:08] [Server thread/TRACE] [REI] [REICommonPlugin START] Reloading Section: "post-stage/EntrySettingsAdapterRegistryImpl/" done in 113.0 μs
[00:56:08] [Server thread/TRACE] [REI] [REICommonPlugin START] Reloading Section: "post-stage/ItemComparatorRegistryImpl/"
[00:56:08] [Server thread/TRACE] [REI] [REICommonPlugin START] Reloading Section: "post-stage/ItemComparatorRegistryImpl/" done in 47.43 μs
[00:56:08] [Server thread/TRACE] [REI] [REICommonPlugin START] Reloading Section: "post-stage/FluidComparatorRegistryImpl/"
[00:56:08] [Server thread/TRACE] [REI] [REICommonPlugin START] Reloading Section: "post-stage/FluidComparatorRegistryImpl/" done in 39.12 μs
[00:56:08] [Server thread/TRACE] [REI] [REICommonPlugin START] Reloading Section: "post-stage/DisplaySerializerRegistryImpl/"
[00:56:08] [Server thread/TRACE] [REI] [REICommonPlugin START] Reloading Section: "post-stage/DisplaySerializerRegistryImpl/" done in 74.80 μs
[00:56:08] [Server thread/TRACE] [REI] [REICommonPlugin START] Reloading Section: "post-stage/ServerDisplayRegistryImpl/"
[00:56:08] [Server thread/TRACE] [REI] [REICommonPlugin START] Reloading Section: "post-stage/ServerDisplayRegistryImpl/" done in 38.15 μs
[00:56:08] [Server thread/TRACE] [REI] [REICommonPlugin START] Reloading Section: "post-stage/FluidSupportProviderImpl/"
[00:56:08] [Server thread/TRACE] [REI] [REICommonPlugin START] Reloading Section: "post-stage/FluidSupportProviderImpl/" done in 38.22 μs
[00:56:08] [Server thread/TRACE] [REI] [REICommonPlugin START] Reloading Section: "post-stage/" done in 1.593 ms
[00:56:08] [Server thread/DEBUG] [REI] ========================================
[00:56:08] [Server thread/INFO] [REI] REICommonPlugin finished post-reload for START in 3.143 ms, totaling 138.0 ms.
[00:56:08] [Server thread/DEBUG] [REI] ========================================
[00:56:08] [Server thread/DEBUG] [REI] ========================================
[00:56:08] [Server thread/DEBUG] [REI] REICommonPlugin starting pre-reload for END.
[00:56:08] [Server thread/DEBUG] [REI] Reloadables (8):
[00:56:08] [Server thread/DEBUG] [REI]  - SlotAccessorRegistryImpl
[00:56:08] [Server thread/DEBUG] [REI]  - EntryTypeRegistryImpl
[00:56:08] [Server thread/DEBUG] [REI]  - EntrySettingsAdapterRegistryImpl
[00:56:08] [Server thread/DEBUG] [REI]  - ItemComparatorRegistryImpl
[00:56:08] [Server thread/DEBUG] [REI]  - FluidComparatorRegistryImpl
[00:56:08] [Server thread/DEBUG] [REI]  - DisplaySerializerRegistryImpl
[00:56:08] [Server thread/DEBUG] [REI]  - ServerDisplayRegistryImpl
[00:56:08] [Server thread/DEBUG] [REI]  - FluidSupportProviderImpl
[00:56:08] [Server thread/DEBUG] [REI] Plugins (3):
[00:56:08] [Server thread/DEBUG] [REI]  - (-100.00) DefaultPlugin of DefaultPlugin [roughlyenoughitems]
[00:56:08] [Server thread/DEBUG] [REI]  - (0.00) FabricFluidAPISupportPlugin
[00:56:08] [Server thread/DEBUG] [REI]  - (0.00) DefaultRuntimePlugin of DefaultRuntimePlugin [roughlyenoughitems]
[00:56:08] [Server thread/DEBUG] [REI] ========================================
[00:56:08] [Server thread/TRACE] [REI] [REICommonPlugin END] Reloading Section: "pre-register/"
[00:56:08] [Server thread/TRACE] [REI] [REICommonPlugin END] Reloading Section: "pre-register/DefaultPlugin of DefaultPlugin [roughlyenoughitems]/"
[00:56:08] [Server thread/TRACE] [REI] [REICommonPlugin END] Reloading Section: "pre-register/DefaultPlugin of DefaultPlugin [roughlyenoughitems]/" done in 119.2 μs
[00:56:08] [Server thread/TRACE] [REI] [REICommonPlugin END] Reloading Section: "pre-register/FabricFluidAPISupportPlugin/"
[00:56:08] [Server thread/TRACE] [REI] [REICommonPlugin END] Reloading Section: "pre-register/FabricFluidAPISupportPlugin/" done in 37.33 μs
[00:56:08] [Server thread/TRACE] [REI] [REICommonPlugin END] Reloading Section: "pre-register/DefaultRuntimePlugin of DefaultRuntimePlugin [roughlyenoughitems]/"
[00:56:08] [Server thread/TRACE] [REI] [REICommonPlugin END] Reloading Section: "pre-register/DefaultRuntimePlugin of DefaultRuntimePlugin [roughlyenoughitems]/" done in 29.91 μs
[00:56:08] [Server thread/TRACE] [REI] [REICommonPlugin END] Reloading Section: "pre-register/" done in 574.3 μs
[00:56:08] [Server thread/TRACE] [REI] [REICommonPlugin END] Reloading Section: "pre-stage/"
[00:56:08] [Server thread/TRACE] [REI] [REICommonPlugin END] Reloading Section: "pre-stage/SlotAccessorRegistryImpl/"
[00:56:08] [Server thread/TRACE] [REI] [REICommonPlugin END] Reloading Section: "pre-stage/SlotAccessorRegistryImpl/" done in 25.45 μs
[00:56:08] [Server thread/TRACE] [REI] [REICommonPlugin END] Reloading Section: "pre-stage/EntryTypeRegistryImpl/"
[00:56:08] [Server thread/TRACE] [REI] [REICommonPlugin END] Reloading Section: "pre-stage/EntryTypeRegistryImpl/" done in 26.22 μs
[00:56:08] [Server thread/TRACE] [REI] [REICommonPlugin END] Reloading Section: "pre-stage/EntrySettingsAdapterRegistryImpl/"
[00:56:08] [Server thread/TRACE] [REI] [REICommonPlugin END] Reloading Section: "pre-stage/EntrySettingsAdapterRegistryImpl/" done in 28.32 μs
[00:56:08] [Server thread/TRACE] [REI] [REICommonPlugin END] Reloading Section: "pre-stage/ItemComparatorRegistryImpl/"
[00:56:08] [Server thread/TRACE] [REI] [REICommonPlugin END] Reloading Section: "pre-stage/ItemComparatorRegistryImpl/" done in 144.5 μs
[00:56:08] [Server thread/TRACE] [REI] [REICommonPlugin END] Reloading Section: "pre-stage/FluidComparatorRegistryImpl/"
[00:56:08] [Server thread/TRACE] [REI] [REICommonPlugin END] Reloading Section: "pre-stage/FluidComparatorRegistryImpl/" done in 136.5 μs
[00:56:08] [Server thread/TRACE] [REI] [REICommonPlugin END] Reloading Section: "pre-stage/DisplaySerializerRegistryImpl/"
[00:56:08] [Server thread/TRACE] [REI] [REICommonPlugin END] Reloading Section: "pre-stage/DisplaySerializerRegistryImpl/" done in 175.4 μs
[00:56:08] [Server thread/TRACE] [REI] [REICommonPlugin END] Reloading Section: "pre-stage/ServerDisplayRegistryImpl/"
[00:56:08] [Server thread/TRACE] [REI] [REICommonPlugin END] Reloading Section: "pre-stage/ServerDisplayRegistryImpl/" done in 680.6 μs
[00:56:08] [Server thread/TRACE] [REI] [REICommonPlugin END] Reloading Section: "pre-stage/FluidSupportProviderImpl/"
[00:56:08] [Server thread/TRACE] [REI] [REICommonPlugin END] Reloading Section: "pre-stage/FluidSupportProviderImpl/" done in 131.8 μs
[00:56:08] [Server thread/TRACE] [REI] [REICommonPlugin END] Reloading Section: "pre-stage/" done in 2.468 ms
[00:56:08] [Server thread/DEBUG] [REI] ========================================
[00:56:08] [Server thread/DEBUG] [REI] REICommonPlugin finished pre-reload for END in 3.534 ms.
[00:56:08] [Server thread/DEBUG] [REI] ========================================
[00:56:08] [Server thread/INFO] [REI] ----------------------------------------
[00:56:08] [Server thread/INFO] [REI] REICommonPlugin starting main-reload for END.
[00:56:08] [Server thread/DEBUG] [REI] Reloadables (8):
[00:56:08] [Server thread/DEBUG] [REI]  - SlotAccessorRegistryImpl
[00:56:08] [Server thread/DEBUG] [REI]  - EntryTypeRegistryImpl
[00:56:08] [Server thread/DEBUG] [REI]  - EntrySettingsAdapterRegistryImpl
[00:56:08] [Server thread/DEBUG] [REI]  - ItemComparatorRegistryImpl
[00:56:08] [Server thread/DEBUG] [REI]  - FluidComparatorRegistryImpl
[00:56:08] [Server thread/DEBUG] [REI]  - DisplaySerializerRegistryImpl
[00:56:08] [Server thread/DEBUG] [REI]  - ServerDisplayRegistryImpl
[00:56:08] [Server thread/DEBUG] [REI]  - FluidSupportProviderImpl
[00:56:08] [Server thread/INFO] [REI] Plugins (3):
[00:56:08] [Server thread/INFO] [REI]  - (-100.00) DefaultPlugin of DefaultPlugin [roughlyenoughitems]
[00:56:08] [Server thread/INFO] [REI]  - (0.00) FabricFluidAPISupportPlugin
[00:56:08] [Server thread/INFO] [REI]  - (0.00) DefaultRuntimePlugin of DefaultRuntimePlugin [roughlyenoughitems]
[00:56:08] [Server thread/INFO] [REI] ----------------------------------------
[00:56:08] [Server thread/TRACE] [REI] [REICommonPlugin END] Reloading Section: "start-reload/"
[00:56:08] [Server thread/TRACE] [REI] [REICommonPlugin END] Reloading Section: "start-reload/SlotAccessorRegistryImpl/"
[00:56:08] [Server thread/TRACE] [REI] [REICommonPlugin END] Reloading Section: "start-reload/SlotAccessorRegistryImpl/" done in 77.03 μs
[00:56:08] [Server thread/TRACE] [REI] [REICommonPlugin END] Reloading Section: "start-reload/EntryTypeRegistryImpl/"
[00:56:08] [Server thread/TRACE] [REI] [REICommonPlugin END] Reloading Section: "start-reload/EntryTypeRegistryImpl/" done in 105.8 μs
[00:56:08] [Server thread/TRACE] [REI] [REICommonPlugin END] Reloading Section: "start-reload/EntrySettingsAdapterRegistryImpl/"
[00:56:08] [Server thread/TRACE] [REI] [REICommonPlugin END] Reloading Section: "start-reload/EntrySettingsAdapterRegistryImpl/" done in 53.97 μs
[00:56:08] [Server thread/TRACE] [REI] [REICommonPlugin END] Reloading Section: "start-reload/ItemComparatorRegistryImpl/"
[00:56:08] [Server thread/TRACE] [REI] [REICommonPlugin END] Reloading Section: "start-reload/ItemComparatorRegistryImpl/" done in 100.4 μs
[00:56:08] [Server thread/TRACE] [REI] [REICommonPlugin END] Reloading Section: "start-reload/FluidComparatorRegistryImpl/"
[00:56:08] [Server thread/TRACE] [REI] [REICommonPlugin END] Reloading Section: "start-reload/FluidComparatorRegistryImpl/" done in 116.4 μs
[00:56:08] [Server thread/TRACE] [REI] [REICommonPlugin END] Reloading Section: "start-reload/DisplaySerializerRegistryImpl/"
[00:56:08] [Server thread/TRACE] [REI] [REICommonPlugin END] Reloading Section: "start-reload/DisplaySerializerRegistryImpl/" done in 99.91 μs
[00:56:08] [Server thread/TRACE] [REI] [REICommonPlugin END] Reloading Section: "start-reload/ServerDisplayRegistryImpl/"
[00:56:08] [Server thread/TRACE] [REI] [REICommonPlugin END] Reloading Section: "start-reload/ServerDisplayRegistryImpl/" done in 146.0 μs
[00:56:08] [Server thread/TRACE] [REI] [REICommonPlugin END] Reloading Section: "start-reload/FluidSupportProviderImpl/"
[00:56:08] [Server thread/TRACE] [REI] [REICommonPlugin END] Reloading Section: "start-reload/FluidSupportProviderImpl/" done in 144.3 μs
[00:56:08] [Server thread/TRACE] [REI] [REICommonPlugin END] Reloading Section: "start-reload/" done in 2.301 ms
[00:56:08] [Server thread/DEBUG] [REI] ========================================
[00:56:08] [Server thread/DEBUG] [REI] REICommonPlugin started main-reload for END.
[00:56:08] [Server thread/DEBUG] [REI] ========================================
[00:56:08] [Server thread/TRACE] [REI] [REICommonPlugin END] Reloading Section: "reloadable-plugin/SlotAccessorRegistryImpl/"
[00:56:08] [Server thread/TRACE] [REI] [REICommonPlugin END] Reloading Section: "reloadable-plugin/SlotAccessorRegistryImpl/DefaultPlugin of DefaultPlugin [roughlyenoughitems]/"
[00:56:08] [Server thread/TRACE] [REI] [REICommonPlugin END] Reloading Section: "reloadable-plugin/SlotAccessorRegistryImpl/DefaultPlugin of DefaultPlugin [roughlyenoughitems]/" done in 131.4 μs
[00:56:08] [Server thread/TRACE] [REI] [REICommonPlugin END] Reloading Section: "reloadable-plugin/SlotAccessorRegistryImpl/FabricFluidAPISupportPlugin/"
[00:56:08] [Server thread/TRACE] [REI] [REICommonPlugin END] Reloading Section: "reloadable-plugin/SlotAccessorRegistryImpl/FabricFluidAPISupportPlugin/" done in 124.2 μs
[00:56:08] [Server thread/TRACE] [REI] [REICommonPlugin END] Reloading Section: "reloadable-plugin/SlotAccessorRegistryImpl/DefaultRuntimePlugin of DefaultRuntimePlugin [roughlyenoughitems]/"
[00:56:08] [Server thread/DEBUG] [REI] Added slot accessor serializer: me.shedaniel.rei.plugin.common.runtime.DefaultRuntimePlugin$1@33e447ed [roughlyenoughitems:vanilla]
[00:56:08] [Server thread/DEBUG] [REI] Added slot accessor serializer: me.shedaniel.rei.plugin.common.runtime.DefaultRuntimePlugin$2@335a14ad [roughlyenoughitems:player]
[00:56:08] [Server thread/TRACE] [REI] [REICommonPlugin END] Reloading Section: "reloadable-plugin/SlotAccessorRegistryImpl/DefaultRuntimePlugin of DefaultRuntimePlugin [roughlyenoughitems]/" done in 2.204 ms
[00:56:08] [Server thread/TRACE] [REI] [REICommonPlugin END] Reloading Section: "reloadable-plugin/SlotAccessorRegistryImpl/" done in 3.260 ms
[00:56:08] [Server thread/TRACE] [REI] [REICommonPlugin END] Reloading Section: "reloadable-plugin/EntryTypeRegistryImpl/"
[00:56:08] [Server thread/TRACE] [REI] [REICommonPlugin END] Reloading Section: "reloadable-plugin/EntryTypeRegistryImpl/DefaultPlugin of DefaultPlugin [roughlyenoughitems]/"
[00:56:08] [Server thread/TRACE] [REI] [REICommonPlugin END] Reloading Section: "reloadable-plugin/EntryTypeRegistryImpl/DefaultPlugin of DefaultPlugin [roughlyenoughitems]/" done in 135.1 μs
[00:56:08] [Server thread/TRACE] [REI] [REICommonPlugin END] Reloading Section: "reloadable-plugin/EntryTypeRegistryImpl/FabricFluidAPISupportPlugin/"
[00:56:08] [Server thread/TRACE] [REI] [REICommonPlugin END] Reloading Section: "reloadable-plugin/EntryTypeRegistryImpl/FabricFluidAPISupportPlugin/" done in 115.6 μs
[00:56:08] [Server thread/TRACE] [REI] [REICommonPlugin END] Reloading Section: "reloadable-plugin/EntryTypeRegistryImpl/DefaultRuntimePlugin of DefaultRuntimePlugin [roughlyenoughitems]/"
[00:56:08] [Server thread/TRACE] [REI] [REICommonPlugin END] Reloading Section: "reloadable-plugin/EntryTypeRegistryImpl/DefaultRuntimePlugin of DefaultRuntimePlugin [roughlyenoughitems]/" done in 104.8 μs
[00:56:08] [Server thread/TRACE] [REI] [REICommonPlugin END] Reloading Section: "reloadable-plugin/EntryTypeRegistryImpl/" done in 987.0 μs
[00:56:08] [Server thread/TRACE] [REI] [REICommonPlugin END] Reloading Section: "reloadable-plugin/EntrySettingsAdapterRegistryImpl/"
[00:56:08] [Server thread/TRACE] [REI] [REICommonPlugin END] Reloading Section: "reloadable-plugin/EntrySettingsAdapterRegistryImpl/DefaultPlugin of DefaultPlugin [roughlyenoughitems]/"
[00:56:08] [Server thread/TRACE] [REI] [REICommonPlugin END] Reloading Section: "reloadable-plugin/EntrySettingsAdapterRegistryImpl/DefaultPlugin of DefaultPlugin [roughlyenoughitems]/" done in 122.4 μs
[00:56:08] [Server thread/TRACE] [REI] [REICommonPlugin END] Reloading Section: "reloadable-plugin/EntrySettingsAdapterRegistryImpl/FabricFluidAPISupportPlugin/"
[00:56:08] [Server thread/TRACE] [REI] [REICommonPlugin END] Reloading Section: "reloadable-plugin/EntrySettingsAdapterRegistryImpl/FabricFluidAPISupportPlugin/" done in 141.3 μs
[00:56:08] [Server thread/TRACE] [REI] [REICommonPlugin END] Reloading Section: "reloadable-plugin/EntrySettingsAdapterRegistryImpl/DefaultRuntimePlugin of DefaultRuntimePlugin [roughlyenoughitems]/"
[00:56:08] [Server thread/TRACE] [REI] [REICommonPlugin END] Reloading Section: "reloadable-plugin/EntrySettingsAdapterRegistryImpl/DefaultRuntimePlugin of DefaultRuntimePlugin [roughlyenoughitems]/" done in 46.31 μs
[00:56:08] [Server thread/TRACE] [REI] [REICommonPlugin END] Reloading Section: "reloadable-plugin/EntrySettingsAdapterRegistryImpl/" done in 1.009 ms
[00:56:08] [Server thread/TRACE] [REI] [REICommonPlugin END] Reloading Section: "reloadable-plugin/ItemComparatorRegistryImpl/"
[00:56:08] [Server thread/TRACE] [REI] [REICommonPlugin END] Reloading Section: "reloadable-plugin/ItemComparatorRegistryImpl/DefaultPlugin of DefaultPlugin [roughlyenoughitems]/"
[00:56:08] [Server thread/TRACE] [REI] [REICommonPlugin END] Reloading Section: "reloadable-plugin/ItemComparatorRegistryImpl/DefaultPlugin of DefaultPlugin [roughlyenoughitems]/" done in 110.4 μs
[00:56:08] [Server thread/TRACE] [REI] [REICommonPlugin END] Reloading Section: "reloadable-plugin/ItemComparatorRegistryImpl/FabricFluidAPISupportPlugin/"
[00:56:08] [Server thread/TRACE] [REI] [REICommonPlugin END] Reloading Section: "reloadable-plugin/ItemComparatorRegistryImpl/FabricFluidAPISupportPlugin/" done in 111.2 μs
[00:56:08] [Server thread/TRACE] [REI] [REICommonPlugin END] Reloading Section: "reloadable-plugin/ItemComparatorRegistryImpl/DefaultRuntimePlugin of DefaultRuntimePlugin [roughlyenoughitems]/"
[00:56:08] [Server thread/TRACE] [REI] [REICommonPlugin END] Reloading Section: "reloadable-plugin/ItemComparatorRegistryImpl/DefaultRuntimePlugin of DefaultRuntimePlugin [roughlyenoughitems]/" done in 120.0 μs
[00:56:08] [Server thread/TRACE] [REI] [REICommonPlugin END] Reloading Section: "reloadable-plugin/ItemComparatorRegistryImpl/" done in 872.1 μs
[00:56:08] [Server thread/TRACE] [REI] [REICommonPlugin END] Reloading Section: "reloadable-plugin/FluidComparatorRegistryImpl/"
[00:56:08] [Server thread/TRACE] [REI] [REICommonPlugin END] Reloading Section: "reloadable-plugin/FluidComparatorRegistryImpl/DefaultPlugin of DefaultPlugin [roughlyenoughitems]/"
[00:56:08] [Server thread/TRACE] [REI] [REICommonPlugin END] Reloading Section: "reloadable-plugin/FluidComparatorRegistryImpl/DefaultPlugin of DefaultPlugin [roughlyenoughitems]/" done in 204.4 μs
[00:56:08] [Server thread/TRACE] [REI] [REICommonPlugin END] Reloading Section: "reloadable-plugin/FluidComparatorRegistryImpl/FabricFluidAPISupportPlugin/"
[00:56:08] [Server thread/TRACE] [REI] [REICommonPlugin END] Reloading Section: "reloadable-plugin/FluidComparatorRegistryImpl/FabricFluidAPISupportPlugin/" done in 52.50 μs
[00:56:08] [Server thread/TRACE] [REI] [REICommonPlugin END] Reloading Section: "reloadable-plugin/FluidComparatorRegistryImpl/DefaultRuntimePlugin of DefaultRuntimePlugin [roughlyenoughitems]/"
[00:56:08] [Server thread/TRACE] [REI] [REICommonPlugin END] Reloading Section: "reloadable-plugin/FluidComparatorRegistryImpl/DefaultRuntimePlugin of DefaultRuntimePlugin [roughlyenoughitems]/" done in 128.5 μs
[00:56:08] [Server thread/TRACE] [REI] [REICommonPlugin END] Reloading Section: "reloadable-plugin/FluidComparatorRegistryImpl/" done in 1.023 ms
[00:56:08] [Server thread/TRACE] [REI] [REICommonPlugin END] Reloading Section: "reloadable-plugin/DisplaySerializerRegistryImpl/"
[00:56:08] [Server thread/TRACE] [REI] [REICommonPlugin END] Reloading Section: "reloadable-plugin/DisplaySerializerRegistryImpl/DefaultPlugin of DefaultPlugin [roughlyenoughitems]/"
[00:56:08] [Server thread/TRACE] [REI] [REICommonPlugin END] Reloading Section: "reloadable-plugin/DisplaySerializerRegistryImpl/DefaultPlugin of DefaultPlugin [roughlyenoughitems]/" done in 116.7 μs
[00:56:08] [Server thread/TRACE] [REI] [REICommonPlugin END] Reloading Section: "reloadable-plugin/DisplaySerializerRegistryImpl/FabricFluidAPISupportPlugin/"
[00:56:08] [Server thread/TRACE] [REI] [REICommonPlugin END] Reloading Section: "reloadable-plugin/DisplaySerializerRegistryImpl/FabricFluidAPISupportPlugin/" done in 127.3 μs
[00:56:08] [Server thread/TRACE] [REI] [REICommonPlugin END] Reloading Section: "reloadable-plugin/DisplaySerializerRegistryImpl/DefaultRuntimePlugin of DefaultRuntimePlugin [roughlyenoughitems]/"
[00:56:08] [Server thread/TRACE] [REI] [REICommonPlugin END] Reloading Section: "reloadable-plugin/DisplaySerializerRegistryImpl/DefaultRuntimePlugin of DefaultRuntimePlugin [roughlyenoughitems]/" done in 121.0 μs
[00:56:08] [Server thread/TRACE] [REI] [REICommonPlugin END] Reloading Section: "reloadable-plugin/DisplaySerializerRegistryImpl/" done in 955.8 μs
[00:56:08] [Server thread/TRACE] [REI] [REICommonPlugin END] Reloading Section: "reloadable-plugin/ServerDisplayRegistryImpl/"
[00:56:08] [Server thread/TRACE] [REI] [REICommonPlugin END] Reloading Section: "reloadable-plugin/ServerDisplayRegistryImpl/DefaultPlugin of DefaultPlugin [roughlyenoughitems]/"
[00:56:08] [Server thread/DEBUG] [REI] Added display filter: me.shedaniel.rei.api.common.registry.display.DisplayConsumer$RecipeManagerConsumer$RecipeFillerBuilder$$Lambda/0x000071f6415e3a98@2958824d
[00:56:08] [Server thread/DEBUG] [REI] Added display filter: me.shedaniel.rei.api.common.registry.display.DisplayConsumer$RecipeManagerConsumer$RecipeFillerBuilder$$Lambda/0x000071f6415e3a98@345c06c4
[00:56:08] [Server thread/DEBUG] [REI] Added display filter: me.shedaniel.rei.api.common.registry.display.DisplayConsumer$RecipeManagerConsumer$RecipeFillerBuilder$$Lambda/0x000071f6415e3a98@14c99e94
[00:56:08] [Server thread/DEBUG] [REI] Added display filter: me.shedaniel.rei.api.common.registry.display.DisplayConsumer$RecipeManagerConsumer$RecipeFillerBuilder$$Lambda/0x000071f6415e3a98@be8b60e
[00:56:08] [Server thread/DEBUG] [REI] Added display filter: me.shedaniel.rei.api.common.registry.display.DisplayConsumer$RecipeManagerConsumer$RecipeFillerBuilder$$Lambda/0x000071f6415e3a98@5be39366
[00:56:08] [Server thread/DEBUG] [REI] Added display filter: me.shedaniel.rei.api.common.registry.display.DisplayConsumer$RecipeManagerConsumer$RecipeFillerBuilder$$Lambda/0x000071f6415e3a98@7d430f6f
[00:56:08] [Server thread/DEBUG] [REI] Added display filter: me.shedaniel.rei.api.common.registry.display.DisplayConsumer$RecipeManagerConsumer$RecipeFillerBuilder$$Lambda/0x000071f6415e3a98@dc82110
[00:56:08] [Server thread/DEBUG] [REI] Added display filter: me.shedaniel.rei.api.common.registry.display.DisplayConsumer$RecipeManagerConsumer$RecipeFillerBuilder$$Lambda/0x000071f6415e5280@4ef3d676
[00:56:08] [Server thread/DEBUG] [REI] Added display filter: me.shedaniel.rei.api.common.registry.display.DisplayConsumer$RecipeManagerConsumer$RecipeFillerBuilder$$Lambda/0x000071f6415e5280@39182fdf
[00:56:08] [Server thread/DEBUG] [REI] Added display filter: me.shedaniel.rei.api.common.registry.display.DisplayConsumer$RecipeManagerConsumer$RecipeFillerBuilder$$Lambda/0x000071f6415e5280@41cbca71
[00:56:08] [Server thread/DEBUG] [REI] Added display filter: me.shedaniel.rei.api.common.registry.display.DisplayConsumer$RecipeManagerConsumer$RecipeFillerBuilder$$Lambda/0x000071f6415e5280@3e7776b7
[00:56:08] [Server thread/DEBUG] [REI] Added display filter: me.shedaniel.rei.api.common.registry.display.DisplayConsumer$RecipeManagerConsumer$RecipeFillerBuilder$$Lambda/0x000071f6415e5280@6ee74769
[00:56:08] [Server thread/DEBUG] [REI] Added display filter: me.shedaniel.rei.api.common.registry.display.DisplayConsumer$RecipeManagerConsumer$RecipeFillerBuilder$$Lambda/0x000071f6415e5280@1679fbbd
[00:56:08] [Server thread/DEBUG] [REI] Added display filter: me.shedaniel.rei.api.common.registry.display.DisplayConsumer$RecipeManagerConsumer$RecipeFillerBuilder$$Lambda/0x000071f6415e5280@97e3341
[00:56:08] [Server thread/DEBUG] [REI] Added display filter: me.shedaniel.rei.api.common.registry.display.DisplayConsumer$RecipeManagerConsumer$RecipeFillerBuilder$$Lambda/0x000071f6415e5280@cb93e17
[00:56:08] [Server thread/DEBUG] [REI] Added display filter: me.shedaniel.rei.api.common.registry.display.DisplayConsumer$RecipeManagerConsumer$RecipeFillerBuilder$$Lambda/0x000071f6415e5280@5831ece6
[00:56:08] [Server thread/TRACE] [REI] [REICommonPlugin END] Reloading Section: "reloadable-plugin/ServerDisplayRegistryImpl/DefaultPlugin of DefaultPlugin [roughlyenoughitems]/" done in 15.14 ms
[00:56:08] [Server thread/TRACE] [REI] [REICommonPlugin END] Reloading Section: "reloadable-plugin/ServerDisplayRegistryImpl/FabricFluidAPISupportPlugin/"
[00:56:08] [Server thread/TRACE] [REI] [REICommonPlugin END] Reloading Section: "reloadable-plugin/ServerDisplayRegistryImpl/FabricFluidAPISupportPlugin/" done in 98.29 μs
[00:56:08] [Server thread/TRACE] [REI] [REICommonPlugin END] Reloading Section: "reloadable-plugin/ServerDisplayRegistryImpl/DefaultRuntimePlugin of DefaultRuntimePlugin [roughlyenoughitems]/"
[00:56:08] [Server thread/TRACE] [REI] [REICommonPlugin END] Reloading Section: "reloadable-plugin/ServerDisplayRegistryImpl/DefaultRuntimePlugin of DefaultRuntimePlugin [roughlyenoughitems]/" done in 46.42 μs
[00:56:08] [Server thread/TRACE] [REI] [REICommonPlugin END] Reloading Section: "reloadable-plugin/ServerDisplayRegistryImpl/" done in 15.78 ms
[00:56:08] [Server thread/TRACE] [REI] [REICommonPlugin END] Reloading Section: "reloadable-plugin/FluidSupportProviderImpl/"
[00:56:08] [Server thread/TRACE] [REI] [REICommonPlugin END] Reloading Section: "reloadable-plugin/FluidSupportProviderImpl/DefaultPlugin of DefaultPlugin [roughlyenoughitems]/"
[00:56:08] [Server thread/TRACE] [REI] [REICommonPlugin END] Reloading Section: "reloadable-plugin/FluidSupportProviderImpl/DefaultPlugin of DefaultPlugin [roughlyenoughitems]/" done in 40.69 μs
[00:56:08] [Server thread/TRACE] [REI] [REICommonPlugin END] Reloading Section: "reloadable-plugin/FluidSupportProviderImpl/FabricFluidAPISupportPlugin/"
[00:56:08] [Server thread/TRACE] [REI] [REICommonPlugin END] Reloading Section: "reloadable-plugin/FluidSupportProviderImpl/FabricFluidAPISupportPlugin/" done in 58.71 μs
[00:56:08] [Server thread/TRACE] [REI] [REICommonPlugin END] Reloading Section: "reloadable-plugin/FluidSupportProviderImpl/DefaultRuntimePlugin of DefaultRuntimePlugin [roughlyenoughitems]/"
[00:56:08] [Server thread/TRACE] [REI] [REICommonPlugin END] Reloading Section: "reloadable-plugin/FluidSupportProviderImpl/DefaultRuntimePlugin of DefaultRuntimePlugin [roughlyenoughitems]/" done in 53.34 μs
[00:56:08] [Server thread/TRACE] [REI] [REICommonPlugin END] Reloading Section: "reloadable-plugin/FluidSupportProviderImpl/" done in 504.1 μs
[00:56:08] [Server thread/DEBUG] [REI] ========================================
[00:56:08] [Server thread/DEBUG] [REI] REICommonPlugin ending main-reload for END.
[00:56:08] [Server thread/DEBUG] [REI] ========================================
[00:56:08] [Server thread/TRACE] [REI] [REICommonPlugin END] Reloading Section: "end-reload/"
[00:56:08] [Server thread/TRACE] [REI] [REICommonPlugin END] Reloading Section: "end-reload/SlotAccessorRegistryImpl/"
[00:56:08] [Server thread/DEBUG] [REI] Registered 2 slot accessor serializers
[00:56:08] [Server thread/TRACE] [REI] [REICommonPlugin END] Reloading Section: "end-reload/SlotAccessorRegistryImpl/" done in 82.90 μs
[00:56:08] [Server thread/TRACE] [REI] [REICommonPlugin END] Reloading Section: "end-reload/EntryTypeRegistryImpl/"
[00:56:08] [Server thread/TRACE] [REI] [REICommonPlugin END] Reloading Section: "end-reload/EntryTypeRegistryImpl/" done in 66.32 μs
[00:56:08] [Server thread/TRACE] [REI] [REICommonPlugin END] Reloading Section: "end-reload/EntrySettingsAdapterRegistryImpl/"
[00:56:08] [Server thread/TRACE] [REI] [REICommonPlugin END] Reloading Section: "end-reload/EntrySettingsAdapterRegistryImpl/" done in 20.37 μs
[00:56:08] [Server thread/TRACE] [REI] [REICommonPlugin END] Reloading Section: "end-reload/ItemComparatorRegistryImpl/"
[00:56:08] [Server thread/TRACE] [REI] [REICommonPlugin END] Reloading Section: "end-reload/ItemComparatorRegistryImpl/" done in 18.27 μs
[00:56:08] [Server thread/TRACE] [REI] [REICommonPlugin END] Reloading Section: "end-reload/FluidComparatorRegistryImpl/"
[00:56:08] [Server thread/TRACE] [REI] [REICommonPlugin END] Reloading Section: "end-reload/FluidComparatorRegistryImpl/" done in 17.22 μs
[00:56:08] [Server thread/TRACE] [REI] [REICommonPlugin END] Reloading Section: "end-reload/DisplaySerializerRegistryImpl/"
[00:56:08] [Server thread/TRACE] [REI] [REICommonPlugin END] Reloading Section: "end-reload/DisplaySerializerRegistryImpl/" done in 17.45 μs
[00:56:08] [Server thread/TRACE] [REI] [REICommonPlugin END] Reloading Section: "end-reload/ServerDisplayRegistryImpl/"
[00:56:08] [Server thread/DEBUG] [REI] Found preliminary 0 displays
[00:56:09] [Server thread/DEBUG] [REI] Filled 2357 displays from recipe manager in 102.2 ms
[00:56:09] [Server thread/TRACE] [REI] [REICommonPlugin END] Reloading Section: "end-reload/ServerDisplayRegistryImpl/" done in 102.7 ms
[00:56:09] [Server thread/TRACE] [REI] [REICommonPlugin END] Reloading Section: "end-reload/FluidSupportProviderImpl/"
[00:56:09] [Server thread/TRACE] [REI] [REICommonPlugin END] Reloading Section: "end-reload/FluidSupportProviderImpl/" done in 153.0 μs
[00:56:09] [Server thread/TRACE] [REI] [REICommonPlugin END] Reloading Section: "end-reload/" done in 103.7 ms
[00:56:09] [Server thread/DEBUG] [REI] ========================================
[00:56:09] [Server thread/DEBUG] [REI] REICommonPlugin ended main-reload for END in 136.4 ms.
[00:56:09] [Server thread/DEBUG] [REI] ========================================
[00:56:09] [Server thread/DEBUG] [REI] ========================================
[00:56:09] [Server thread/DEBUG] [REI] REICommonPlugin starting post-reload for END.
[00:56:09] [Server thread/DEBUG] [REI] Reloadables (8):
[00:56:09] [Server thread/DEBUG] [REI]  - SlotAccessorRegistryImpl
[00:56:09] [Server thread/DEBUG] [REI]  - EntryTypeRegistryImpl
[00:56:09] [Server thread/DEBUG] [REI]  - EntrySettingsAdapterRegistryImpl
[00:56:09] [Server thread/DEBUG] [REI]  - ItemComparatorRegistryImpl
[00:56:09] [Server thread/DEBUG] [REI]  - FluidComparatorRegistryImpl
[00:56:09] [Server thread/DEBUG] [REI]  - DisplaySerializerRegistryImpl
[00:56:09] [Server thread/DEBUG] [REI]  - ServerDisplayRegistryImpl
[00:56:09] [Server thread/DEBUG] [REI]  - FluidSupportProviderImpl
[00:56:09] [Server thread/DEBUG] [REI] Plugins (3):
[00:56:09] [Server thread/DEBUG] [REI]  - (-100.00) DefaultPlugin of DefaultPlugin [roughlyenoughitems]
[00:56:09] [Server thread/DEBUG] [REI]  - (0.00) FabricFluidAPISupportPlugin
[00:56:09] [Server thread/DEBUG] [REI]  - (0.00) DefaultRuntimePlugin of DefaultRuntimePlugin [roughlyenoughitems]
[00:56:09] [Server thread/DEBUG] [REI] ========================================
[00:56:09] [Server thread/TRACE] [REI] [REICommonPlugin END] Reloading Section: "post-register/"
[00:56:09] [Server thread/TRACE] [REI] [REICommonPlugin END] Reloading Section: "post-register/DefaultPlugin of DefaultPlugin [roughlyenoughitems]/"
[00:56:09] [Server thread/TRACE] [REI] [REICommonPlugin END] Reloading Section: "post-register/DefaultPlugin of DefaultPlugin [roughlyenoughitems]/" done in 136.9 μs
[00:56:09] [Server thread/TRACE] [REI] [REICommonPlugin END] Reloading Section: "post-register/FabricFluidAPISupportPlugin/"
[00:56:09] [Server thread/TRACE] [REI] [REICommonPlugin END] Reloading Section: "post-register/FabricFluidAPISupportPlugin/" done in 117.4 μs
[00:56:09] [Server thread/TRACE] [REI] [REICommonPlugin END] Reloading Section: "post-register/DefaultRuntimePlugin of DefaultRuntimePlugin [roughlyenoughitems]/"
[00:56:09] [Server thread/TRACE] [REI] [REICommonPlugin END] Reloading Section: "post-register/DefaultRuntimePlugin of DefaultRuntimePlugin [roughlyenoughitems]/" done in 110.7 μs
[00:56:09] [Server thread/TRACE] [REI] [REICommonPlugin END] Reloading Section: "post-register/" done in 943.3 μs
[00:56:09] [Server thread/TRACE] [REI] [REICommonPlugin END] Reloading Section: "post-stage/"
[00:56:09] [Server thread/TRACE] [REI] [REICommonPlugin END] Reloading Section: "post-stage/SlotAccessorRegistryImpl/"
[00:56:09] [Server thread/TRACE] [REI] [REICommonPlugin END] Reloading Section: "post-stage/SlotAccessorRegistryImpl/" done in 41.68 μs
[00:56:09] [Server thread/TRACE] [REI] [REICommonPlugin END] Reloading Section: "post-stage/EntryTypeRegistryImpl/"
[00:56:09] [Server thread/TRACE] [REI] [REICommonPlugin END] Reloading Section: "post-stage/EntryTypeRegistryImpl/" done in 113.2 μs
[00:56:09] [Server thread/TRACE] [REI] [REICommonPlugin END] Reloading Section: "post-stage/EntrySettingsAdapterRegistryImpl/"
[00:56:09] [Server thread/TRACE] [REI] [REICommonPlugin END] Reloading Section: "post-stage/EntrySettingsAdapterRegistryImpl/" done in 96.28 μs
[00:56:09] [Server thread/TRACE] [REI] [REICommonPlugin END] Reloading Section: "post-stage/ItemComparatorRegistryImpl/"
[00:56:09] [Server thread/TRACE] [REI] [REICommonPlugin END] Reloading Section: "post-stage/ItemComparatorRegistryImpl/" done in 47.46 μs
[00:56:09] [Server thread/TRACE] [REI] [REICommonPlugin END] Reloading Section: "post-stage/FluidComparatorRegistryImpl/"
[00:56:09] [Server thread/TRACE] [REI] [REICommonPlugin END] Reloading Section: "post-stage/FluidComparatorRegistryImpl/" done in 104.7 μs
[00:56:09] [Server thread/TRACE] [REI] [REICommonPlugin END] Reloading Section: "post-stage/DisplaySerializerRegistryImpl/"
[00:56:09] [Server thread/TRACE] [REI] [REICommonPlugin END] Reloading Section: "post-stage/DisplaySerializerRegistryImpl/" done in 115.2 μs
[00:56:09] [Server thread/TRACE] [REI] [REICommonPlugin END] Reloading Section: "post-stage/ServerDisplayRegistryImpl/"
[00:56:09] [Server thread/TRACE] [REI] [REICommonPlugin END] Reloading Section: "post-stage/ServerDisplayRegistryImpl/" done in 36.82 μs
[00:56:09] [Server thread/TRACE] [REI] [REICommonPlugin END] Reloading Section: "post-stage/FluidSupportProviderImpl/"
[00:56:09] [Server thread/TRACE] [REI] [REICommonPlugin END] Reloading Section: "post-stage/FluidSupportProviderImpl/" done in 105.2 μs
[00:56:09] [Server thread/TRACE] [REI] [REICommonPlugin END] Reloading Section: "post-stage/" done in 1.839 ms
[00:56:09] [Server thread/DEBUG] [REI] ========================================
[00:56:09] [Server thread/INFO] [REI] REICommonPlugin finished post-reload for END in 3.043 ms, totaling 142.9 ms.
[00:56:09] [Server thread/DEBUG] [REI] ========================================
[00:56:09] [Server thread/DEBUG] [REI] Updating players with new displays version 97F8E79100000001 [from 97F8E79100000000]
[00:56:21] [Server thread/DEBUG] [REI] Player _iBlacKing_ has outdated displays version 0 [latest version: 97F8E79100000001]
[00:56:21] [Server thread/DEBUG] [REI] Player _iBlacKing_ has outdated displays version 0 [latest version: 97F8E79100000001], sending reset packet request.
